{"C:\\Users\\mauricio.rios\\Documents\\Prueba Front\\src\\app\\core\\pipes\\cop-currency.pipe.ts": {"path":"C:\\Users\\mauricio.rios\\Documents\\Prueba Front\\src\\app\\core\\pipes\\cop-currency.pipe.ts","statementMap":{"0":{"start":{"line":1,"column":0},"end":{"line":1,"column":52}},"1":{"start":{"line":12,"column":7},"end":{"line":25,"column":null}},"2":{"start":{"line":14,"column":4},"end":{"line":14,"column":74}},"3":{"start":{"line":14,"column":63},"end":{"line":14,"column":74}},"4":{"start":{"line":16,"column":22},"end":{"line":21,"column":20}},"5":{"start":{"line":23,"column":4},"end":{"line":23,"column":53}},"6":{"start":{"line":12,"column":13},"end":{"line":12,"column":28}},"7":{"start":{"line":12,"column":13},"end":{"line":25,"column":null}}},"fnMap":{"0":{"name":"(anonymous_0)","decl":{"start":{"line":13,"column":2},"end":{"line":13,"column":11}},"loc":{"start":{"line":13,"column":62},"end":{"line":24,"column":3}}}},"branchMap":{"0":{"loc":{"start":{"line":13,"column":46},"end":{"line":13,"column":62}},"type":"default-arg","locations":[{"start":{"line":13,"column":57},"end":{"line":13,"column":62}}]},"1":{"loc":{"start":{"line":14,"column":4},"end":{"line":14,"column":74}},"type":"if","locations":[{"start":{"line":14,"column":4},"end":{"line":14,"column":74}}]},"2":{"loc":{"start":{"line":14,"column":8},"end":{"line":14,"column":61}},"type":"binary-expr","locations":[{"start":{"line":14,"column":8},"end":{"line":14,"column":22}},{"start":{"line":14,"column":26},"end":{"line":14,"column":45}},{"start":{"line":14,"column":49},"end":{"line":14,"column":61}}]},"3":{"loc":{"start":{"line":23,"column":11},"end":{"line":23,"column":52}},"type":"cond-expr","locations":[{"start":{"line":23,"column":22},"end":{"line":23,"column":40}},{"start":{"line":23,"column":43},"end":{"line":23,"column":52}}]}},"s":{"0":4,"1":4,"2":24,"3":0,"4":24,"5":24,"6":4,"7":4},"f":{"0":24},"b":{"0":[24],"1":[0],"2":[24,24,24],"3":[0,24]}}
,"C:\\Users\\mauricio.rios\\Documents\\Prueba Front\\src\\app\\core\\services\\fund.service.ts": {"path":"C:\\Users\\mauricio.rios\\Documents\\Prueba Front\\src\\app\\core\\services\\fund.service.ts","statementMap":{"0":{"start":{"line":1,"column":0},"end":{"line":1,"column":69}},"1":{"start":{"line":2,"column":0},"end":{"line":2,"column":50}},"2":{"start":{"line":3,"column":0},"end":{"line":3,"column":42}},"3":{"start":{"line":6,"column":0},"end":{"line":6,"column":null}},"4":{"start":{"line":11,"column":24},"end":{"line":11,"column":31}},"5":{"start":{"line":14,"column":7},"end":{"line":118,"column":null}},"6":{"start":{"line":16,"column":19},"end":{"line":16,"column":57}},"7":{"start":{"line":19,"column":11},"end":{"line":19,"column":53}},"8":{"start":{"line":20,"column":11},"end":{"line":20,"column":40}},"9":{"start":{"line":21,"column":11},"end":{"line":21,"column":58}},"10":{"start":{"line":22,"column":11},"end":{"line":22,"column":52}},"11":{"start":{"line":25,"column":11},"end":{"line":27,"column":4}},"12":{"start":{"line":26,"column":4},"end":{"line":26,"column":74}},"13":{"start":{"line":26,"column":46},"end":{"line":26,"column":70}},"14":{"start":{"line":29,"column":11},"end":{"line":33,"column":5}},"15":{"start":{"line":31,"column":26},"end":{"line":31,"column":72}},"16":{"start":{"line":31,"column":66},"end":{"line":31,"column":70}},"17":{"start":{"line":32,"column":4},"end":{"line":32,"column":64}},"18":{"start":{"line":32,"column":38},"end":{"line":32,"column":62}},"19":{"start":{"line":39,"column":4},"end":{"line":42,"column":6}},"20":{"start":{"line":41,"column":19},"end":{"line":41,"column":42}},"21":{"start":{"line":51,"column":28},"end":{"line":51,"column":67}},"22":{"start":{"line":52,"column":4},"end":{"line":54,"column":5}},"23":{"start":{"line":53,"column":6},"end":{"line":53,"column":58}},"24":{"start":{"line":53,"column":30},"end":{"line":53,"column":56}},"25":{"start":{"line":56,"column":4},"end":{"line":67,"column":6}},"26":{"start":{"line":57,"column":22},"end":{"line":57,"column":51}},"27":{"start":{"line":60,"column":8},"end":{"line":60,"column":45}},"28":{"start":{"line":60,"column":33},"end":{"line":60,"column":43}},"29":{"start":{"line":61,"column":8},"end":{"line":64,"column":11}},"30":{"start":{"line":61,"column":44},"end":{"line":64,"column":10}},"31":{"start":{"line":65,"column":8},"end":{"line":65,"column":62}},"32":{"start":{"line":65,"column":41},"end":{"line":65,"column":60}},"33":{"start":{"line":75,"column":23},"end":{"line":75,"column":72}},"34":{"start":{"line":75,"column":56},"end":{"line":75,"column":71}},"35":{"start":{"line":76,"column":4},"end":{"line":78,"column":5}},"36":{"start":{"line":77,"column":6},"end":{"line":77,"column":82}},"37":{"start":{"line":77,"column":30},"end":{"line":77,"column":80}},"38":{"start":{"line":80,"column":4},"end":{"line":88,"column":6}},"39":{"start":{"line":81,"column":22},"end":{"line":81,"column":51}},"40":{"start":{"line":84,"column":8},"end":{"line":84,"column":66}},"41":{"start":{"line":84,"column":33},"end":{"line":84,"column":64}},"42":{"start":{"line":85,"column":8},"end":{"line":85,"column":79}},"43":{"start":{"line":85,"column":44},"end":{"line":85,"column":77}},"44":{"start":{"line":85,"column":61},"end":{"line":85,"column":76}},"45":{"start":{"line":86,"column":8},"end":{"line":86,"column":62}},"46":{"start":{"line":86,"column":41},"end":{"line":86,"column":60}},"47":{"start":{"line":94,"column":4},"end":{"line":98,"column":5}},"48":{"start":{"line":95,"column":6},"end":{"line":97,"column":35}},"49":{"start":{"line":99,"column":4},"end":{"line":103,"column":5}},"50":{"start":{"line":100,"column":6},"end":{"line":102,"column":35}},"51":{"start":{"line":104,"column":4},"end":{"line":104,"column":16}},"52":{"start":{"line":108,"column":4},"end":{"line":116,"column":6}},"53":{"start":{"line":14,"column":13},"end":{"line":14,"column":24}},"54":{"start":{"line":14,"column":13},"end":{"line":118,"column":null}}},"fnMap":{"0":{"name":"(anonymous_0)","decl":{"start":{"line":14,"column":7},"end":{"line":14,"column":13}},"loc":{"start":{"line":14,"column":7},"end":{"line":118,"column":1}}},"1":{"name":"(anonymous_1)","decl":{"start":{"line":25,"column":36},"end":{"line":25,"column":39}},"loc":{"start":{"line":26,"column":4},"end":{"line":26,"column":74}}},"2":{"name":"(anonymous_2)","decl":{"start":{"line":26,"column":34},"end":{"line":26,"column":35}},"loc":{"start":{"line":26,"column":46},"end":{"line":26,"column":70}}},"3":{"name":"(anonymous_3)","decl":{"start":{"line":29,"column":37},"end":{"line":29,"column":40}},"loc":{"start":{"line":29,"column":42},"end":{"line":33,"column":3}}},"4":{"name":"(anonymous_4)","decl":{"start":{"line":31,"column":61},"end":{"line":31,"column":62}},"loc":{"start":{"line":31,"column":66},"end":{"line":31,"column":70}}},"5":{"name":"(anonymous_5)","decl":{"start":{"line":32,"column":33},"end":{"line":32,"column":34}},"loc":{"start":{"line":32,"column":38},"end":{"line":32,"column":62}}},"6":{"name":"(anonymous_6)","decl":{"start":{"line":38,"column":2},"end":{"line":38,"column":10}},"loc":{"start":{"line":38,"column":10},"end":{"line":43,"column":3}}},"7":{"name":"(anonymous_7)","decl":{"start":{"line":41,"column":10},"end":{"line":41,"column":15}},"loc":{"start":{"line":41,"column":19},"end":{"line":41,"column":42}}},"8":{"name":"(anonymous_8)","decl":{"start":{"line":46,"column":2},"end":{"line":46,"column":11}},"loc":{"start":{"line":49,"column":42},"end":{"line":68,"column":3}}},"9":{"name":"(anonymous_9)","decl":{"start":{"line":53,"column":24},"end":{"line":53,"column":27}},"loc":{"start":{"line":53,"column":30},"end":{"line":53,"column":56}}},"10":{"name":"(anonymous_10)","decl":{"start":{"line":57,"column":10},"end":{"line":57,"column":18}},"loc":{"start":{"line":57,"column":22},"end":{"line":57,"column":51}}},"11":{"name":"(anonymous_11)","decl":{"start":{"line":58,"column":10},"end":{"line":58,"column":18}},"loc":{"start":{"line":58,"column":21},"end":{"line":66,"column":7}}},"12":{"name":"(anonymous_12)","decl":{"start":{"line":60,"column":28},"end":{"line":60,"column":29}},"loc":{"start":{"line":60,"column":33},"end":{"line":60,"column":43}}},"13":{"name":"(anonymous_13)","decl":{"start":{"line":61,"column":36},"end":{"line":61,"column":40}},"loc":{"start":{"line":61,"column":44},"end":{"line":64,"column":10}}},"14":{"name":"(anonymous_14)","decl":{"start":{"line":65,"column":33},"end":{"line":65,"column":37}},"loc":{"start":{"line":65,"column":41},"end":{"line":65,"column":60}}},"15":{"name":"(anonymous_15)","decl":{"start":{"line":71,"column":2},"end":{"line":71,"column":8}},"loc":{"start":{"line":73,"column":42},"end":{"line":89,"column":3}}},"16":{"name":"(anonymous_16)","decl":{"start":{"line":75,"column":51},"end":{"line":75,"column":52}},"loc":{"start":{"line":75,"column":56},"end":{"line":75,"column":71}}},"17":{"name":"(anonymous_17)","decl":{"start":{"line":77,"column":24},"end":{"line":77,"column":27}},"loc":{"start":{"line":77,"column":30},"end":{"line":77,"column":80}}},"18":{"name":"(anonymous_18)","decl":{"start":{"line":81,"column":10},"end":{"line":81,"column":18}},"loc":{"start":{"line":81,"column":22},"end":{"line":81,"column":51}}},"19":{"name":"(anonymous_19)","decl":{"start":{"line":82,"column":10},"end":{"line":82,"column":18}},"loc":{"start":{"line":82,"column":21},"end":{"line":87,"column":7}}},"20":{"name":"(anonymous_20)","decl":{"start":{"line":84,"column":28},"end":{"line":84,"column":29}},"loc":{"start":{"line":84,"column":33},"end":{"line":84,"column":64}}},"21":{"name":"(anonymous_21)","decl":{"start":{"line":85,"column":36},"end":{"line":85,"column":40}},"loc":{"start":{"line":85,"column":44},"end":{"line":85,"column":77}}},"22":{"name":"(anonymous_22)","decl":{"start":{"line":85,"column":56},"end":{"line":85,"column":57}},"loc":{"start":{"line":85,"column":61},"end":{"line":85,"column":76}}},"23":{"name":"(anonymous_23)","decl":{"start":{"line":86,"column":33},"end":{"line":86,"column":37}},"loc":{"start":{"line":86,"column":41},"end":{"line":86,"column":60}}},"24":{"name":"(anonymous_24)","decl":{"start":{"line":93,"column":10},"end":{"line":93,"column":30}},"loc":{"start":{"line":93,"column":57},"end":{"line":105,"column":3}}},"25":{"name":"(anonymous_25)","decl":{"start":{"line":107,"column":10},"end":{"line":107,"column":24}},"loc":{"start":{"line":107,"column":58},"end":{"line":117,"column":3}}}},"branchMap":{"0":{"loc":{"start":{"line":52,"column":4},"end":{"line":54,"column":5}},"type":"if","locations":[{"start":{"line":52,"column":4},"end":{"line":54,"column":5}}]},"1":{"loc":{"start":{"line":76,"column":4},"end":{"line":78,"column":5}},"type":"if","locations":[{"start":{"line":76,"column":4},"end":{"line":78,"column":5}}]},"2":{"loc":{"start":{"line":94,"column":4},"end":{"line":98,"column":5}},"type":"if","locations":[{"start":{"line":94,"column":4},"end":{"line":98,"column":5}}]},"3":{"loc":{"start":{"line":99,"column":4},"end":{"line":103,"column":5}},"type":"if","locations":[{"start":{"line":99,"column":4},"end":{"line":103,"column":5}}]}},"s":{"0":5,"1":5,"2":5,"3":5,"4":5,"5":5,"6":6,"7":6,"8":6,"9":6,"10":6,"11":6,"12":1,"13":1,"14":6,"15":1,"16":1,"17":1,"18":2,"19":1,"20":1,"21":3,"22":3,"23":2,"24":2,"25":1,"26":1,"27":1,"28":1,"29":1,"30":1,"31":1,"32":1,"33":2,"34":1,"35":2,"36":1,"37":1,"38":1,"39":1,"40":1,"41":1,"42":1,"43":1,"44":1,"45":1,"46":1,"47":3,"48":1,"49":2,"50":1,"51":1,"52":2,"53":5,"54":5},"f":{"0":6,"1":1,"2":1,"3":1,"4":1,"5":2,"6":1,"7":1,"8":3,"9":2,"10":1,"11":1,"12":1,"13":1,"14":1,"15":2,"16":1,"17":1,"18":1,"19":1,"20":1,"21":1,"22":1,"23":1,"24":3,"25":2},"b":{"0":[2],"1":[1],"2":[1],"3":[1]}}
,"C:\\Users\\mauricio.rios\\Documents\\Prueba Front\\src\\app\\core\\services\\mock-funds-api.service.ts": {"path":"C:\\Users\\mauricio.rios\\Documents\\Prueba Front\\src\\app\\core\\services\\mock-funds-api.service.ts","statementMap":{"0":{"start":{"line":1,"column":0},"end":{"line":1,"column":50}},"1":{"start":{"line":2,"column":0},"end":{"line":2,"column":51}},"2":{"start":{"line":3,"column":0},"end":{"line":3,"column":38}},"3":{"start":{"line":4,"column":0},"end":{"line":4,"column":39}},"4":{"start":{"line":19,"column":7},"end":{"line":63,"column":null}},"5":{"start":{"line":20,"column":19},"end":{"line":20,"column":45}},"6":{"start":{"line":24,"column":4},"end":{"line":24,"column":74}},"7":{"start":{"line":33,"column":4},"end":{"line":41,"column":24}},"8":{"start":{"line":49,"column":4},"end":{"line":57,"column":24}},"9":{"start":{"line":61,"column":4},"end":{"line":61,"column":87}},"10":{"start":{"line":19,"column":13},"end":{"line":19,"column":32}},"11":{"start":{"line":19,"column":13},"end":{"line":63,"column":null}}},"fnMap":{"0":{"name":"(anonymous_0)","decl":{"start":{"line":19,"column":7},"end":{"line":19,"column":13}},"loc":{"start":{"line":19,"column":7},"end":{"line":63,"column":1}}},"1":{"name":"(anonymous_1)","decl":{"start":{"line":22,"column":2},"end":{"line":22,"column":10}},"loc":{"start":{"line":22,"column":10},"end":{"line":25,"column":3}}},"2":{"name":"(anonymous_2)","decl":{"start":{"line":27,"column":2},"end":{"line":27,"column":11}},"loc":{"start":{"line":30,"column":42},"end":{"line":42,"column":3}}},"3":{"name":"(anonymous_3)","decl":{"start":{"line":44,"column":2},"end":{"line":44,"column":8}},"loc":{"start":{"line":46,"column":42},"end":{"line":58,"column":3}}},"4":{"name":"(anonymous_4)","decl":{"start":{"line":60,"column":10},"end":{"line":60,"column":20}},"loc":{"start":{"line":60,"column":20},"end":{"line":62,"column":3}}}},"branchMap":{},"s":{"0":5,"1":5,"2":5,"3":5,"4":5,"5":0,"6":0,"7":0,"8":0,"9":0,"10":5,"11":5},"f":{"0":0,"1":0,"2":0,"3":0,"4":0},"b":{}}
,"C:\\Users\\mauricio.rios\\Documents\\Prueba Front\\src\\app\\features\\dashboard\\dashboard.component.ts": {"path":"C:\\Users\\mauricio.rios\\Documents\\Prueba Front\\src\\app\\features\\dashboard\\dashboard.component.ts","statementMap":{"0":{"start":{"line":1,"column":0},"end":{"line":1,"column":43}},"1":{"start":{"line":2,"column":0},"end":{"line":2,"column":50}},"2":{"start":{"line":3,"column":0},"end":{"line":3,"column":63}},"3":{"start":{"line":4,"column":0},"end":{"line":4,"column":69}},"4":{"start":{"line":5,"column":0},"end":{"line":5,"column":45}},"5":{"start":{"line":94,"column":7},"end":{"line":96,"column":null}},"6":{"start":{"line":95,"column":11},"end":{"line":95,"column":41}},"7":{"start":{"line":94,"column":13},"end":{"line":94,"column":31}},"8":{"start":{"line":94,"column":13},"end":{"line":96,"column":null}}},"fnMap":{"0":{"name":"(anonymous_0)","decl":{"start":{"line":94,"column":7},"end":{"line":94,"column":13}},"loc":{"start":{"line":94,"column":7},"end":{"line":96,"column":1}}}},"branchMap":{},"s":{"0":1,"1":1,"2":1,"3":1,"4":1,"5":1,"6":2,"7":1,"8":1},"f":{"0":2},"b":{}}
,"C:\\Users\\mauricio.rios\\Documents\\Prueba Front\\src\\app\\features\\fund-list\\fund-list.component.ts": {"path":"C:\\Users\\mauricio.rios\\Documents\\Prueba Front\\src\\app\\features\\fund-list\\fund-list.component.ts","statementMap":{"0":{"start":{"line":1,"column":0},"end":{"line":1,"column":66}},"1":{"start":{"line":2,"column":0},"end":{"line":2,"column":63}},"2":{"start":{"line":3,"column":0},"end":{"line":3,"column":67}},"3":{"start":{"line":4,"column":0},"end":{"line":4,"column":69}},"4":{"start":{"line":6,"column":0},"end":{"line":6,"column":96}},"5":{"start":{"line":173,"column":7},"end":{"line":230,"column":null}},"6":{"start":{"line":174,"column":11},"end":{"line":174,"column":43}},"7":{"start":{"line":175,"column":11},"end":{"line":175,"column":44}},"8":{"start":{"line":179,"column":11},"end":{"line":179,"column":45}},"9":{"start":{"line":180,"column":11},"end":{"line":180,"column":39}},"10":{"start":{"line":181,"column":11},"end":{"line":181,"column":52}},"11":{"start":{"line":182,"column":11},"end":{"line":182,"column":54}},"12":{"start":{"line":185,"column":4},"end":{"line":188,"column":7}},"13":{"start":{"line":186,"column":6},"end":{"line":186,"column":28}},"14":{"start":{"line":187,"column":6},"end":{"line":187,"column":30}},"15":{"start":{"line":192,"column":4},"end":{"line":192,"column":32}},"16":{"start":{"line":196,"column":4},"end":{"line":196,"column":32}},"17":{"start":{"line":200,"column":4},"end":{"line":200,"column":32}},"18":{"start":{"line":205,"column":4},"end":{"line":205,"column":75}},"19":{"start":{"line":205,"column":55},"end":{"line":205,"column":73}},"20":{"start":{"line":209,"column":4},"end":{"line":209,"column":34}},"21":{"start":{"line":210,"column":4},"end":{"line":219,"column":7}},"22":{"start":{"line":212,"column":8},"end":{"line":212,"column":36}},"23":{"start":{"line":213,"column":8},"end":{"line":213,"column":97}},"24":{"start":{"line":216,"column":8},"end":{"line":216,"column":36}},"25":{"start":{"line":217,"column":8},"end":{"line":217,"column":41}},"26":{"start":{"line":223,"column":40},"end":{"line":227,"column":6}},"27":{"start":{"line":228,"column":4},"end":{"line":228,"column":28}},"28":{"start":{"line":173,"column":13},"end":{"line":173,"column":30}},"29":{"start":{"line":173,"column":13},"end":{"line":230,"column":null}}},"fnMap":{"0":{"name":"(anonymous_0)","decl":{"start":{"line":173,"column":7},"end":{"line":173,"column":13}},"loc":{"start":{"line":173,"column":7},"end":{"line":230,"column":1}}},"1":{"name":"(anonymous_1)","decl":{"start":{"line":184,"column":2},"end":{"line":184,"column":10}},"loc":{"start":{"line":184,"column":10},"end":{"line":189,"column":3}}},"2":{"name":"(anonymous_2)","decl":{"start":{"line":185,"column":38},"end":{"line":185,"column":43}},"loc":{"start":{"line":185,"column":46},"end":{"line":188,"column":5}}},"3":{"name":"(anonymous_3)","decl":{"start":{"line":191,"column":2},"end":{"line":191,"column":11}},"loc":{"start":{"line":191,"column":22},"end":{"line":193,"column":3}}},"4":{"name":"(anonymous_4)","decl":{"start":{"line":195,"column":2},"end":{"line":195,"column":12}},"loc":{"start":{"line":195,"column":12},"end":{"line":197,"column":3}}},"5":{"name":"(anonymous_5)","decl":{"start":{"line":199,"column":2},"end":{"line":199,"column":25}},"loc":{"start":{"line":199,"column":25},"end":{"line":201,"column":3}}},"6":{"name":"(anonymous_6)","decl":{"start":{"line":203,"column":2},"end":{"line":203,"column":14}},"loc":{"start":{"line":203,"column":29},"end":{"line":206,"column":3}}},"7":{"name":"(anonymous_7)","decl":{"start":{"line":205,"column":47},"end":{"line":205,"column":51}},"loc":{"start":{"line":205,"column":55},"end":{"line":205,"column":73}}},"8":{"name":"(anonymous_8)","decl":{"start":{"line":208,"column":2},"end":{"line":208,"column":12}},"loc":{"start":{"line":208,"column":27},"end":{"line":220,"column":3}}},"9":{"name":"(anonymous_9)","decl":{"start":{"line":211,"column":12},"end":{"line":211,"column":15}},"loc":{"start":{"line":211,"column":17},"end":{"line":214,"column":7}}},"10":{"name":"(anonymous_10)","decl":{"start":{"line":215,"column":13},"end":{"line":215,"column":14}},"loc":{"start":{"line":215,"column":28},"end":{"line":218,"column":7}}},"11":{"name":"(anonymous_11)","decl":{"start":{"line":222,"column":2},"end":{"line":222,"column":11}},"loc":{"start":{"line":222,"column":25},"end":{"line":229,"column":3}}}},"branchMap":{"0":{"loc":{"start":{"line":228,"column":11},"end":{"line":228,"column":27}},"type":"binary-expr","locations":[{"start":{"line":228,"column":11},"end":{"line":228,"column":21}},{"start":{"line":228,"column":25},"end":{"line":228,"column":27}}]}},"s":{"0":1,"1":1,"2":1,"3":1,"4":1,"5":1,"6":2,"7":2,"8":2,"9":2,"10":2,"11":2,"12":2,"13":2,"14":2,"15":0,"16":0,"17":0,"18":24,"19":24,"20":1,"21":1,"22":1,"23":1,"24":0,"25":0,"26":12,"27":12,"28":1,"29":1},"f":{"0":2,"1":2,"2":2,"3":0,"4":0,"5":0,"6":24,"7":24,"8":1,"9":1,"10":0,"11":12},"b":{"0":[12,0]}}
,"C:\\Users\\mauricio.rios\\Documents\\Prueba Front\\src\\app\\features\\subscription-modal\\subscription-modal.component.ts": {"path":"C:\\Users\\mauricio.rios\\Documents\\Prueba Front\\src\\app\\features\\subscription-modal\\subscription-modal.component.ts","statementMap":{"0":{"start":{"line":1,"column":0},"end":{"line":1,"column":null}},"1":{"start":{"line":4,"column":0},"end":{"line":4,"column":null}},"2":{"start":{"line":8,"column":0},"end":{"line":8,"column":63}},"3":{"start":{"line":9,"column":0},"end":{"line":9,"column":67}},"4":{"start":{"line":10,"column":0},"end":{"line":10,"column":69}},"5":{"start":{"line":181,"column":23},"end":{"line":181,"column":null}},"6":{"start":{"line":182,"column":11},"end":{"line":182,"column":null}},"7":{"start":{"line":183,"column":11},"end":{"line":183,"column":null}},"8":{"start":{"line":185,"column":11},"end":{"line":185,"column":42}},"9":{"start":{"line":186,"column":11},"end":{"line":186,"column":43}},"10":{"start":{"line":187,"column":11},"end":{"line":187,"column":42}},"11":{"start":{"line":189,"column":11},"end":{"line":189,"column":38}},"12":{"start":{"line":193,"column":11},"end":{"line":196,"column":4}},"13":{"start":{"line":199,"column":4},"end":{"line":209,"column":7}},"14":{"start":{"line":213,"column":4},"end":{"line":213,"column":36}},"15":{"start":{"line":217,"column":4},"end":{"line":220,"column":5}},"16":{"start":{"line":218,"column":6},"end":{"line":218,"column":35}},"17":{"start":{"line":219,"column":6},"end":{"line":219,"column":13}},"18":{"start":{"line":222,"column":43},"end":{"line":222,"column":null}},"19":{"start":{"line":227,"column":4},"end":{"line":227,"column":30}},"20":{"start":{"line":229,"column":4},"end":{"line":243,"column":7}},"21":{"start":{"line":231,"column":8},"end":{"line":231,"column":35}},"22":{"start":{"line":232,"column":8},"end":{"line":236,"column":10}},"23":{"start":{"line":237,"column":8},"end":{"line":237,"column":30}},"24":{"start":{"line":240,"column":8},"end":{"line":240,"column":35}},"25":{"start":{"line":241,"column":8},"end":{"line":241,"column":41}},"26":{"start":{"line":247,"column":4},"end":{"line":249,"column":5}},"27":{"start":{"line":248,"column":6},"end":{"line":248,"column":28}},"28":{"start":{"line":253,"column":18},"end":{"line":253,"column":41}},"29":{"start":{"line":254,"column":4},"end":{"line":256,"column":5}},"30":{"start":{"line":255,"column":6},"end":{"line":255,"column":38}},"31":{"start":{"line":257,"column":4},"end":{"line":257,"column":16}},"32":{"start":{"line":179,"column":13},"end":{"line":179,"column":39}},"33":{"start":{"line":179,"column":13},"end":{"line":259,"column":null}}},"fnMap":{"0":{"name":"(anonymous_0)","decl":{"start":{"line":179,"column":7},"end":{"line":179,"column":13}},"loc":{"start":{"line":179,"column":7},"end":{"line":259,"column":null}}},"1":{"name":"(anonymous_1)","decl":{"start":{"line":198,"column":2},"end":{"line":198,"column":10}},"loc":{"start":{"line":198,"column":10},"end":{"line":210,"column":3}}},"2":{"name":"(anonymous_2)","decl":{"start":{"line":212,"column":2},"end":{"line":212,"column":6}},"loc":{"start":{"line":212,"column":16},"end":{"line":214,"column":3}}},"3":{"name":"(anonymous_3)","decl":{"start":{"line":216,"column":2},"end":{"line":216,"column":10}},"loc":{"start":{"line":216,"column":10},"end":{"line":244,"column":3}}},"4":{"name":"(anonymous_4)","decl":{"start":{"line":230,"column":12},"end":{"line":230,"column":15}},"loc":{"start":{"line":230,"column":17},"end":{"line":238,"column":7}}},"5":{"name":"(anonymous_5)","decl":{"start":{"line":239,"column":13},"end":{"line":239,"column":14}},"loc":{"start":{"line":239,"column":28},"end":{"line":242,"column":7}}},"6":{"name":"(anonymous_6)","decl":{"start":{"line":246,"column":2},"end":{"line":246,"column":17}},"loc":{"start":{"line":246,"column":35},"end":{"line":250,"column":3}}},"7":{"name":"(anonymous_7)","decl":{"start":{"line":252,"column":10},"end":{"line":252,"column":33}},"loc":{"start":{"line":252,"column":58},"end":{"line":258,"column":3}}}},"branchMap":{"0":{"loc":{"start":{"line":217,"column":4},"end":{"line":220,"column":5}},"type":"if","locations":[{"start":{"line":217,"column":4},"end":{"line":220,"column":5}}]},"1":{"loc":{"start":{"line":247,"column":4},"end":{"line":249,"column":5}},"type":"if","locations":[{"start":{"line":247,"column":4},"end":{"line":249,"column":5}}]},"2":{"loc":{"start":{"line":254,"column":4},"end":{"line":256,"column":5}},"type":"if","locations":[{"start":{"line":254,"column":4},"end":{"line":256,"column":5}}]}},"s":{"0":2,"1":2,"2":2,"3":2,"4":2,"5":2,"6":2,"7":2,"8":2,"9":2,"10":2,"11":2,"12":2,"13":2,"14":64,"15":1,"16":0,"17":0,"18":1,"19":1,"20":1,"21":1,"22":1,"23":1,"24":0,"25":0,"26":0,"27":0,"28":8,"29":8,"30":0,"31":8,"32":2,"33":2},"f":{"0":2,"1":2,"2":64,"3":1,"4":1,"5":0,"6":0,"7":8},"b":{"0":[0],"1":[0],"2":[0]}}
,"C:\\Users\\mauricio.rios\\Documents\\Prueba Front\\src\\app\\features\\transaction-history\\transaction-history.component.ts": {"path":"C:\\Users\\mauricio.rios\\Documents\\Prueba Front\\src\\app\\features\\transaction-history\\transaction-history.component.ts","statementMap":{"0":{"start":{"line":1,"column":0},"end":{"line":1,"column":50}},"1":{"start":{"line":2,"column":0},"end":{"line":2,"column":43}},"2":{"start":{"line":3,"column":0},"end":{"line":3,"column":63}},"3":{"start":{"line":4,"column":0},"end":{"line":4,"column":69}},"4":{"start":{"line":119,"column":7},"end":{"line":131,"column":null}},"5":{"start":{"line":120,"column":11},"end":{"line":120,"column":41}},"6":{"start":{"line":123,"column":4},"end":{"line":123,"column":75}},"7":{"start":{"line":123,"column":51},"end":{"line":123,"column":66}},"8":{"start":{"line":127,"column":4},"end":{"line":129,"column":45}},"9":{"start":{"line":128,"column":19},"end":{"line":128,"column":44}},"10":{"start":{"line":129,"column":26},"end":{"line":129,"column":40}},"11":{"start":{"line":119,"column":13},"end":{"line":119,"column":40}},"12":{"start":{"line":119,"column":13},"end":{"line":131,"column":null}}},"fnMap":{"0":{"name":"(anonymous_0)","decl":{"start":{"line":119,"column":7},"end":{"line":119,"column":13}},"loc":{"start":{"line":119,"column":7},"end":{"line":131,"column":1}}},"1":{"name":"(anonymous_1)","decl":{"start":{"line":122,"column":2},"end":{"line":122,"column":13}},"loc":{"start":{"line":122,"column":39},"end":{"line":124,"column":3}}},"2":{"name":"(anonymous_2)","decl":{"start":{"line":123,"column":46},"end":{"line":123,"column":47}},"loc":{"start":{"line":123,"column":51},"end":{"line":123,"column":66}}},"3":{"name":"(anonymous_3)","decl":{"start":{"line":126,"column":2},"end":{"line":126,"column":17}},"loc":{"start":{"line":126,"column":17},"end":{"line":130,"column":3}}},"4":{"name":"(anonymous_4)","decl":{"start":{"line":128,"column":14},"end":{"line":128,"column":15}},"loc":{"start":{"line":128,"column":19},"end":{"line":128,"column":44}}},"5":{"name":"(anonymous_5)","decl":{"start":{"line":129,"column":14},"end":{"line":129,"column":15}},"loc":{"start":{"line":129,"column":26},"end":{"line":129,"column":40}}}},"branchMap":{},"s":{"0":1,"1":1,"2":1,"3":1,"4":1,"5":2,"6":4,"7":8,"8":2,"9":4,"10":2,"11":1,"12":1},"f":{"0":2,"1":4,"2":8,"3":2,"4":4,"5":2},"b":{}}
,"C:\\Users\\mauricio.rios\\Documents\\Prueba Front\\src\\app\\shared\\components\\toast\\toast.component.ts": {"path":"C:\\Users\\mauricio.rios\\Documents\\Prueba Front\\src\\app\\shared\\components\\toast\\toast.component.ts","statementMap":{"0":{"start":{"line":1,"column":0},"end":{"line":1,"column":50}},"1":{"start":{"line":2,"column":0},"end":{"line":2,"column":67}},"2":{"start":{"line":34,"column":7},"end":{"line":57,"column":null}},"3":{"start":{"line":35,"column":11},"end":{"line":35,"column":43}},"4":{"start":{"line":38,"column":17},"end":{"line":38,"column":26}},"5":{"start":{"line":39,"column":40},"end":{"line":44,"column":6}},"6":{"start":{"line":45,"column":4},"end":{"line":45,"column":42}},"7":{"start":{"line":49,"column":40},"end":{"line":54,"column":6}},"8":{"start":{"line":55,"column":4},"end":{"line":55,"column":34}},"9":{"start":{"line":34,"column":13},"end":{"line":34,"column":27}},"10":{"start":{"line":34,"column":13},"end":{"line":57,"column":null}}},"fnMap":{"0":{"name":"(anonymous_0)","decl":{"start":{"line":34,"column":7},"end":{"line":34,"column":13}},"loc":{"start":{"line":34,"column":7},"end":{"line":57,"column":1}}},"1":{"name":"(anonymous_1)","decl":{"start":{"line":37,"column":2},"end":{"line":37,"column":12}},"loc":{"start":{"line":37,"column":25},"end":{"line":46,"column":3}}},"2":{"name":"(anonymous_2)","decl":{"start":{"line":48,"column":2},"end":{"line":48,"column":11}},"loc":{"start":{"line":48,"column":24},"end":{"line":56,"column":3}}}},"branchMap":{"0":{"loc":{"start":{"line":45,"column":11},"end":{"line":45,"column":41}},"type":"binary-expr","locations":[{"start":{"line":45,"column":11},"end":{"line":45,"column":26}},{"start":{"line":45,"column":30},"end":{"line":45,"column":41}}]},"1":{"loc":{"start":{"line":55,"column":11},"end":{"line":55,"column":33}},"type":"binary-expr","locations":[{"start":{"line":55,"column":11},"end":{"line":55,"column":26}},{"start":{"line":55,"column":30},"end":{"line":55,"column":33}}]}},"s":{"0":1,"1":1,"2":1,"3":2,"4":8,"5":8,"6":8,"7":8,"8":8,"9":1,"10":1},"f":{"0":2,"1":8,"2":8},"b":{"0":[8,0],"1":[8,0]}}
,"C:\\Users\\mauricio.rios\\Documents\\Prueba Front\\src\\app\\shared\\services\\toast.service.ts": {"path":"C:\\Users\\mauricio.rios\\Documents\\Prueba Front\\src\\app\\shared\\services\\toast.service.ts","statementMap":{"0":{"start":{"line":1,"column":0},"end":{"line":1,"column":51}},"1":{"start":{"line":12,"column":7},"end":{"line":30,"column":null}},"2":{"start":{"line":13,"column":11},"end":{"line":13,"column":40}},"3":{"start":{"line":14,"column":10},"end":{"line":14,"column":23}},"4":{"start":{"line":17,"column":15},"end":{"line":17,"column":30}},"5":{"start":{"line":18,"column":4},"end":{"line":18,"column":65}},"6":{"start":{"line":18,"column":31},"end":{"line":18,"column":63}},"7":{"start":{"line":19,"column":4},"end":{"line":19,"column":49}},"8":{"start":{"line":19,"column":21},"end":{"line":19,"column":37}},"9":{"start":{"line":22,"column":29},"end":{"line":22,"column":59}},"10":{"start":{"line":23,"column":29},"end":{"line":23,"column":63}},"11":{"start":{"line":24,"column":29},"end":{"line":24,"column":56}},"12":{"start":{"line":25,"column":29},"end":{"line":25,"column":59}},"13":{"start":{"line":28,"column":4},"end":{"line":28,"column":62}},"14":{"start":{"line":28,"column":31},"end":{"line":28,"column":60}},"15":{"start":{"line":28,"column":48},"end":{"line":28,"column":59}},"16":{"start":{"line":12,"column":13},"end":{"line":12,"column":25}},"17":{"start":{"line":12,"column":13},"end":{"line":30,"column":null}}},"fnMap":{"0":{"name":"(anonymous_0)","decl":{"start":{"line":12,"column":7},"end":{"line":12,"column":13}},"loc":{"start":{"line":12,"column":7},"end":{"line":30,"column":1}}},"1":{"name":"(anonymous_1)","decl":{"start":{"line":16,"column":2},"end":{"line":16,"column":6}},"loc":{"start":{"line":16,"column":65},"end":{"line":20,"column":3}}},"2":{"name":"(anonymous_2)","decl":{"start":{"line":18,"column":23},"end":{"line":18,"column":27}},"loc":{"start":{"line":18,"column":31},"end":{"line":18,"column":63}}},"3":{"name":"(anonymous_3)","decl":{"start":{"line":19,"column":15},"end":{"line":19,"column":18}},"loc":{"start":{"line":19,"column":21},"end":{"line":19,"column":37}}},"4":{"name":"(anonymous_4)","decl":{"start":{"line":22,"column":2},"end":{"line":22,"column":9}},"loc":{"start":{"line":22,"column":25},"end":{"line":22,"column":61}}},"5":{"name":"(anonymous_5)","decl":{"start":{"line":23,"column":2},"end":{"line":23,"column":7}},"loc":{"start":{"line":23,"column":23},"end":{"line":23,"column":65}}},"6":{"name":"(anonymous_6)","decl":{"start":{"line":24,"column":2},"end":{"line":24,"column":6}},"loc":{"start":{"line":24,"column":22},"end":{"line":24,"column":58}}},"7":{"name":"(anonymous_7)","decl":{"start":{"line":25,"column":2},"end":{"line":25,"column":9}},"loc":{"start":{"line":25,"column":25},"end":{"line":25,"column":61}}},"8":{"name":"(anonymous_8)","decl":{"start":{"line":27,"column":2},"end":{"line":27,"column":9}},"loc":{"start":{"line":27,"column":20},"end":{"line":29,"column":3}}},"9":{"name":"(anonymous_9)","decl":{"start":{"line":28,"column":23},"end":{"line":28,"column":27}},"loc":{"start":{"line":28,"column":31},"end":{"line":28,"column":60}}},"10":{"name":"(anonymous_10)","decl":{"start":{"line":28,"column":43},"end":{"line":28,"column":44}},"loc":{"start":{"line":28,"column":48},"end":{"line":28,"column":59}}}},"branchMap":{"0":{"loc":{"start":{"line":16,"column":24},"end":{"line":16,"column":48}},"type":"default-arg","locations":[{"start":{"line":16,"column":42},"end":{"line":16,"column":48}}]},"1":{"loc":{"start":{"line":16,"column":50},"end":{"line":16,"column":65}},"type":"default-arg","locations":[{"start":{"line":16,"column":61},"end":{"line":16,"column":65}}]}},"s":{"0":4,"1":4,"2":4,"3":4,"4":7,"5":7,"6":7,"7":7,"8":2,"9":2,"10":2,"11":1,"12":1,"13":3,"14":3,"15":4,"16":4,"17":4},"f":{"0":4,"1":7,"2":7,"3":2,"4":2,"5":2,"6":1,"7":1,"8":3,"9":3,"10":4},"b":{"0":[1],"1":[5]}}
}
