TN:
SF:src\app\core\pipes\cop-currency.pipe.ts
FN:13,(anonymous_0)
FNF:1
FNH:1
FNDA:24,(anonymous_0)
DA:1,4
DA:12,4
DA:14,24
DA:16,24
DA:23,24
LF:5
LH:5
BRDA:13,0,0,24
BRDA:14,1,0,0
BRDA:14,2,0,24
BRDA:14,2,1,24
BRDA:14,2,2,24
BRDA:23,3,0,0
BRDA:23,3,1,24
BRF:7
BRH:5
end_of_record
TN:
SF:src\app\core\services\fund.service.ts
FN:14,(anonymous_0)
FN:25,(anonymous_1)
FN:26,(anonymous_2)
FN:29,(anonymous_3)
FN:31,(anonymous_4)
FN:32,(anonymous_5)
FN:38,(anonymous_6)
FN:41,(anonymous_7)
FN:46,(anonymous_8)
FN:53,(anonymous_9)
FN:57,(anonymous_10)
FN:58,(anonymous_11)
FN:60,(anonymous_12)
FN:61,(anonymous_13)
FN:65,(anonymous_14)
FN:71,(anonymous_15)
FN:75,(anonymous_16)
FN:77,(anonymous_17)
FN:81,(anonymous_18)
FN:82,(anonymous_19)
FN:84,(anonymous_20)
FN:85,(anonymous_21)
FN:85,(anonymous_22)
FN:86,(anonymous_23)
FN:93,(anonymous_24)
FN:107,(anonymous_25)
FNF:26
FNH:26
FNDA:6,(anonymous_0)
FNDA:1,(anonymous_1)
FNDA:1,(anonymous_2)
FNDA:1,(anonymous_3)
FNDA:1,(anonymous_4)
FNDA:2,(anonymous_5)
FNDA:1,(anonymous_6)
FNDA:1,(anonymous_7)
FNDA:3,(anonymous_8)
FNDA:2,(anonymous_9)
FNDA:1,(anonymous_10)
FNDA:1,(anonymous_11)
FNDA:1,(anonymous_12)
FNDA:1,(anonymous_13)
FNDA:1,(anonymous_14)
FNDA:2,(anonymous_15)
FNDA:1,(anonymous_16)
FNDA:1,(anonymous_17)
FNDA:1,(anonymous_18)
FNDA:1,(anonymous_19)
FNDA:1,(anonymous_20)
FNDA:1,(anonymous_21)
FNDA:1,(anonymous_22)
FNDA:1,(anonymous_23)
FNDA:3,(anonymous_24)
FNDA:2,(anonymous_25)
DA:1,5
DA:2,5
DA:3,5
DA:6,5
DA:11,5
DA:14,5
DA:16,6
DA:19,6
DA:20,6
DA:21,6
DA:22,6
DA:25,6
DA:26,1
DA:29,6
DA:31,1
DA:32,2
DA:39,1
DA:41,1
DA:51,3
DA:52,3
DA:53,2
DA:56,1
DA:57,1
DA:60,1
DA:61,1
DA:65,1
DA:75,2
DA:76,2
DA:77,1
DA:80,1
DA:81,1
DA:84,1
DA:85,1
DA:86,1
DA:94,3
DA:95,1
DA:99,2
DA:100,1
DA:104,1
DA:108,2
LF:40
LH:40
BRDA:52,0,0,2
BRDA:76,1,0,1
BRDA:94,2,0,1
BRDA:99,3,0,1
BRF:4
BRH:4
end_of_record
TN:
SF:src\app\core\services\mock-funds-api.service.ts
FN:19,(anonymous_0)
FN:22,(anonymous_1)
FN:27,(anonymous_2)
FN:44,(anonymous_3)
FN:60,(anonymous_4)
FNF:5
FNH:0
FNDA:0,(anonymous_0)
FNDA:0,(anonymous_1)
FNDA:0,(anonymous_2)
FNDA:0,(anonymous_3)
FNDA:0,(anonymous_4)
DA:1,5
DA:2,5
DA:3,5
DA:4,5
DA:19,5
DA:20,0
DA:24,0
DA:33,0
DA:49,0
DA:61,0
LF:10
LH:5
BRF:0
BRH:0
end_of_record
TN:
SF:src\app\features\dashboard\dashboard.component.ts
FN:94,(anonymous_0)
FNF:1
FNH:1
FNDA:2,(anonymous_0)
DA:1,1
DA:2,1
DA:3,1
DA:4,1
DA:5,1
DA:94,1
DA:95,2
LF:7
LH:7
BRF:0
BRH:0
end_of_record
TN:
SF:src\app\features\fund-list\fund-list.component.ts
FN:173,(anonymous_0)
FN:184,(anonymous_1)
FN:185,(anonymous_2)
FN:191,(anonymous_3)
FN:195,(anonymous_4)
FN:199,(anonymous_5)
FN:203,(anonymous_6)
FN:205,(anonymous_7)
FN:208,(anonymous_8)
FN:211,(anonymous_9)
FN:215,(anonymous_10)
FN:222,(anonymous_11)
FNF:12
FNH:8
FNDA:2,(anonymous_0)
FNDA:2,(anonymous_1)
FNDA:2,(anonymous_2)
FNDA:0,(anonymous_3)
FNDA:0,(anonymous_4)
FNDA:0,(anonymous_5)
FNDA:24,(anonymous_6)
FNDA:24,(anonymous_7)
FNDA:1,(anonymous_8)
FNDA:1,(anonymous_9)
FNDA:0,(anonymous_10)
FNDA:12,(anonymous_11)
DA:1,1
DA:2,1
DA:3,1
DA:4,1
DA:6,1
DA:173,1
DA:174,2
DA:175,2
DA:179,2
DA:180,2
DA:181,2
DA:182,2
DA:185,2
DA:186,2
DA:187,2
DA:192,0
DA:196,0
DA:200,0
DA:205,24
DA:209,1
DA:210,1
DA:212,1
DA:213,1
DA:216,0
DA:217,0
DA:223,12
DA:228,12
LF:27
LH:22
BRDA:228,0,0,12
BRDA:228,0,1,0
BRF:2
BRH:1
end_of_record
TN:
SF:src\app\features\subscription-modal\subscription-modal.component.ts
FN:179,(anonymous_0)
FN:198,(anonymous_1)
FN:212,(anonymous_2)
FN:216,(anonymous_3)
FN:230,(anonymous_4)
FN:239,(anonymous_5)
FN:246,(anonymous_6)
FN:252,(anonymous_7)
FNF:8
FNH:6
FNDA:2,(anonymous_0)
FNDA:2,(anonymous_1)
FNDA:64,(anonymous_2)
FNDA:1,(anonymous_3)
FNDA:1,(anonymous_4)
FNDA:0,(anonymous_5)
FNDA:0,(anonymous_6)
FNDA:8,(anonymous_7)
DA:1,2
DA:4,2
DA:8,2
DA:9,2
DA:10,2
DA:179,2
DA:181,2
DA:182,2
DA:183,2
DA:185,2
DA:186,2
DA:187,2
DA:189,2
DA:193,2
DA:199,2
DA:213,64
DA:217,1
DA:218,0
DA:219,0
DA:222,1
DA:227,1
DA:229,1
DA:231,1
DA:232,1
DA:237,1
DA:240,0
DA:241,0
DA:247,0
DA:248,0
DA:253,8
DA:254,8
DA:255,0
DA:257,8
LF:33
LH:26
BRDA:217,0,0,0
BRDA:247,1,0,0
BRDA:254,2,0,0
BRF:3
BRH:0
end_of_record
TN:
SF:src\app\features\transaction-history\transaction-history.component.ts
FN:119,(anonymous_0)
FN:122,(anonymous_1)
FN:123,(anonymous_2)
FN:126,(anonymous_3)
FN:128,(anonymous_4)
FN:129,(anonymous_5)
FNF:6
FNH:6
FNDA:2,(anonymous_0)
FNDA:4,(anonymous_1)
FNDA:8,(anonymous_2)
FNDA:2,(anonymous_3)
FNDA:4,(anonymous_4)
FNDA:2,(anonymous_5)
DA:1,1
DA:2,1
DA:3,1
DA:4,1
DA:119,1
DA:120,2
DA:123,8
DA:127,2
DA:128,4
DA:129,2
LF:10
LH:10
BRF:0
BRH:0
end_of_record
TN:
SF:src\app\shared\components\toast\toast.component.ts
FN:34,(anonymous_0)
FN:37,(anonymous_1)
FN:48,(anonymous_2)
FNF:3
FNH:3
FNDA:2,(anonymous_0)
FNDA:8,(anonymous_1)
FNDA:8,(anonymous_2)
DA:1,1
DA:2,1
DA:34,1
DA:35,2
DA:38,8
DA:39,8
DA:45,8
DA:49,8
DA:55,8
LF:9
LH:9
BRDA:45,0,0,8
BRDA:45,0,1,0
BRDA:55,1,0,8
BRDA:55,1,1,0
BRF:4
BRH:2
end_of_record
TN:
SF:src\app\shared\services\toast.service.ts
FN:12,(anonymous_0)
FN:16,(anonymous_1)
FN:18,(anonymous_2)
FN:19,(anonymous_3)
FN:22,(anonymous_4)
FN:23,(anonymous_5)
FN:24,(anonymous_6)
FN:25,(anonymous_7)
FN:27,(anonymous_8)
FN:28,(anonymous_9)
FN:28,(anonymous_10)
FNF:11
FNH:11
FNDA:4,(anonymous_0)
FNDA:7,(anonymous_1)
FNDA:7,(anonymous_2)
FNDA:2,(anonymous_3)
FNDA:2,(anonymous_4)
FNDA:2,(anonymous_5)
FNDA:1,(anonymous_6)
FNDA:1,(anonymous_7)
FNDA:3,(anonymous_8)
FNDA:3,(anonymous_9)
FNDA:4,(anonymous_10)
DA:1,4
DA:12,4
DA:13,4
DA:14,4
DA:17,7
DA:18,7
DA:19,7
DA:22,2
DA:23,2
DA:24,1
DA:25,1
DA:28,4
LF:12
LH:12
BRDA:16,0,0,1
BRDA:16,1,0,5
BRF:2
BRH:2
end_of_record
